<html>
<head>
<title>TestNG:  Test</title>
<link href="../testng.css" rel="stylesheet" type="text/css" />
<link href="../my-testng.css" rel="stylesheet" type="text/css" />

<style type="text/css">
.log { display: none;} 
.stack-trace { display: none;} 
</style>
<script type="text/javascript">
<!--
function flip(e) {
  current = e.style.display;
  if (current == 'block') {
    e.style.display = 'none';
    return 0;
  }
  else {
    e.style.display = 'block';
    return 1;
  }
}

function toggleBox(szDivId, elem, msg1, msg2)
{
  var res = -1;  if (document.getElementById) {
    res = flip(document.getElementById(szDivId));
  }
  else if (document.all) {
    // this is the way old msie versions work
    res = flip(document.all[szDivId]);
  }
  if(elem) {
    if(res == 0) elem.innerHTML = msg1; else elem.innerHTML = msg2;
  }

}

function toggleAllBoxes() {
  if (document.getElementsByTagName) {
    d = document.getElementsByTagName('div');
    for (i = 0; i < d.length; i++) {
      if (d[i].className == 'log') {
        flip(d[i]);
      }
    }
  }
}

// -->
</script>

</head>
<body>
<h2 align='center'>Test</h2><table border='1' align="center">
<tr>
<td>Tests passed/Failed/Skipped:</td><td>16/1/0</td>
</tr><tr>
<td>Started on:</td><td>Tue Aug 20 10:25:20 IST 2024</td>
</tr>
<tr><td>Total time:</td><td>315 seconds (315795 ms)</td>
</tr><tr>
<td>Included groups:</td><td></td>
</tr><tr>
<td>Excluded groups:</td><td></td>
</tr>
</table><p/>
<small><i>(Hover the method name to see the test class name)</i></small><p/>
<table width='100%' border='1' class='invocation-failed'>
<tr><td colspan='4' align='center'><b>FAILED CONFIGURATIONS</b></td></tr>
<tr><td><b>Test method</b></td>
<td width="30%"><b>Exception</b></td>
<td width="10%"><b>Time (seconds)</b></td>
<td><b>Instance</b></td>
</tr>
<tr>
<td title='POM.TC_DWS_001.tologout()'><b>tologout</b><br>Test class: POM.TC_DWS_001<br/>
<a href="#Output-2113171614" onClick='toggleBox("Output-2113171614", this, "Show output", "Hide output");'>Show output</a>

<a href="#Output-2113171614" onClick="toggleAllBoxes();">Show all outputs</a>
<div class='log' id="Output-2113171614">
Logged out Successfully<br/>
</div>
</td>
<td><div><pre>org.openqa.selenium.NoSuchElementException: no such element: Unable to locate element: {&quot;method&quot;:&quot;link text&quot;,&quot;selector&quot;:&quot;Log out&quot;}
  (Session info: chrome=127.0.6533.120)
For documentation on this error, please visit: https://www.selenium.dev/documentation/webdriver/troubleshooting/errors#no-such-element-exception
Build info: version: &apos;4.12.1&apos;, revision: &apos;8e34639b11&apos;
System info: os.name: &apos;Windows 10&apos;, os.arch: &apos;amd64&apos;, os.version: &apos;10.0&apos;, java.version: &apos;17.0.9&apos;
Driver info: org.openqa.selenium.chrome.ChromeDriver
Command: [e5f610cb60d78f7a63955547181fbee7, findElement {using=link text, value=Log out}]
Capabilities {acceptInsecureCerts: false, browserName: chrome, browserVersion: 127.0.6533.120, chrome: {chromedriverVersion: 127.0.6533.119 (bdef6783a05..., userDataDir: C:\Users\Karan\AppData\Loca...}, fedcm:accounts: true, goog:chromeOptions: {debuggerAddress: localhost:51852}, networkConnectionEnabled: false, pageLoadStrategy: normal, platformName: windows, proxy: Proxy(), se:cdp: ws://localhost:51852/devtoo..., se:cdpVersion: 127.0.6533.120, setWindowRect: true, strictFileInteractability: false, timeouts: {implicit: 0, pageLoad: 300000, script: 30000}, unhandledPromptBehavior: dismiss and notify, webauthn:extension:credBlob: true, webauthn:extension:largeBlob: true, webauthn:extension:minPinLength: true, webauthn:extension:prf: true, webauthn:virtualAuthenticators: true}
Session ID: e5f610cb60d78f7a63955547181fbee7
	at org.openqa.selenium.remote.codec.w3c.W3CHttpResponseCodec.createException(W3CHttpResponseCodec.java:200)
	at org.openqa.selenium.remote.codec.w3c.W3CHttpResponseCodec.decode(W3CHttpResponseCodec.java:133)
	at org.openqa.selenium.remote.codec.w3c.W3CHttpResponseCodec.decode(W3CHttpResponseCodec.java:52)
	at org.openqa.selenium.remote.HttpCommandExecutor.execute(HttpCommandExecutor.java:191)
	at org.openqa.selenium.remote.service.DriverCommandExecutor.invokeExecute(DriverCommandExecutor.java:196)
	at org.openqa.selenium.remote.service.DriverCommandExecutor.execute(DriverCommandExecutor.java:171)
	at org.openqa.selenium.remote.RemoteWebDriver.execute(RemoteWebDriver.java:602)
	at org.openqa.selenium.remote.ElementLocation$ElementFinder$2.findElement(ElementLocation.java:165)
	at org.openqa.selenium.remote.ElementLocation.findElement(ElementLocation.java:59)
	at org.openqa.selenium.remote.RemoteWebDriver.findElement(RemoteWebDriver.java:359)
	at org.openqa.selenium.remote.RemoteWebDriver.findElement(RemoteWebDriver.java:353)
	at POM.BaseClass.tologout(BaseClass.java:59)
	at java.base/java.util.ArrayList.forEach(ArrayList.java:1511)
... Removed 37 stack frames</pre></div><a href='#' onClick='toggleBox("stack-trace2113171614", this, "Click to show all stack frames", "Click to hide stack frames")'>Click to show all stack frames</a>
<div class='stack-trace' id='stack-trace2113171614'><pre>org.openqa.selenium.NoSuchElementException: no such element: Unable to locate element: {&quot;method&quot;:&quot;link text&quot;,&quot;selector&quot;:&quot;Log out&quot;}
  (Session info: chrome=127.0.6533.120)
For documentation on this error, please visit: https://www.selenium.dev/documentation/webdriver/troubleshooting/errors#no-such-element-exception
Build info: version: &apos;4.12.1&apos;, revision: &apos;8e34639b11&apos;
System info: os.name: &apos;Windows 10&apos;, os.arch: &apos;amd64&apos;, os.version: &apos;10.0&apos;, java.version: &apos;17.0.9&apos;
Driver info: org.openqa.selenium.chrome.ChromeDriver
Command: [e5f610cb60d78f7a63955547181fbee7, findElement {using=link text, value=Log out}]
Capabilities {acceptInsecureCerts: false, browserName: chrome, browserVersion: 127.0.6533.120, chrome: {chromedriverVersion: 127.0.6533.119 (bdef6783a05..., userDataDir: C:\Users\Karan\AppData\Loca...}, fedcm:accounts: true, goog:chromeOptions: {debuggerAddress: localhost:51852}, networkConnectionEnabled: false, pageLoadStrategy: normal, platformName: windows, proxy: Proxy(), se:cdp: ws://localhost:51852/devtoo..., se:cdpVersion: 127.0.6533.120, setWindowRect: true, strictFileInteractability: false, timeouts: {implicit: 0, pageLoad: 300000, script: 30000}, unhandledPromptBehavior: dismiss and notify, webauthn:extension:credBlob: true, webauthn:extension:largeBlob: true, webauthn:extension:minPinLength: true, webauthn:extension:prf: true, webauthn:virtualAuthenticators: true}
Session ID: e5f610cb60d78f7a63955547181fbee7
	at java.base/jdk.internal.reflect.NativeConstructorAccessorImpl.newInstance0(Native Method)
	at java.base/jdk.internal.reflect.NativeConstructorAccessorImpl.newInstance(NativeConstructorAccessorImpl.java:77)
	at java.base/jdk.internal.reflect.DelegatingConstructorAccessorImpl.newInstance(DelegatingConstructorAccessorImpl.java:45)
	at java.base/java.lang.reflect.Constructor.newInstanceWithCaller(Constructor.java:499)
	at java.base/java.lang.reflect.Constructor.newInstance(Constructor.java:480)
	at org.openqa.selenium.remote.codec.w3c.W3CHttpResponseCodec.createException(W3CHttpResponseCodec.java:200)
	at org.openqa.selenium.remote.codec.w3c.W3CHttpResponseCodec.decode(W3CHttpResponseCodec.java:133)
	at org.openqa.selenium.remote.codec.w3c.W3CHttpResponseCodec.decode(W3CHttpResponseCodec.java:52)
	at org.openqa.selenium.remote.HttpCommandExecutor.execute(HttpCommandExecutor.java:191)
	at org.openqa.selenium.remote.service.DriverCommandExecutor.invokeExecute(DriverCommandExecutor.java:196)
	at org.openqa.selenium.remote.service.DriverCommandExecutor.execute(DriverCommandExecutor.java:171)
	at org.openqa.selenium.remote.RemoteWebDriver.execute(RemoteWebDriver.java:602)
	at org.openqa.selenium.remote.ElementLocation$ElementFinder$2.findElement(ElementLocation.java:165)
	at org.openqa.selenium.remote.ElementLocation.findElement(ElementLocation.java:59)
	at org.openqa.selenium.remote.RemoteWebDriver.findElement(RemoteWebDriver.java:359)
	at org.openqa.selenium.remote.RemoteWebDriver.findElement(RemoteWebDriver.java:353)
	at POM.BaseClass.tologout(BaseClass.java:59)
	at java.base/jdk.internal.reflect.NativeMethodAccessorImpl.invoke0(Native Method)
	at java.base/jdk.internal.reflect.NativeMethodAccessorImpl.invoke(NativeMethodAccessorImpl.java:77)
	at java.base/jdk.internal.reflect.DelegatingMethodAccessorImpl.invoke(DelegatingMethodAccessorImpl.java:43)
	at java.base/java.lang.reflect.Method.invoke(Method.java:568)
	at org.testng.internal.MethodInvocationHelper.invokeMethod(MethodInvocationHelper.java:133)
	at org.testng.internal.MethodInvocationHelper.invokeMethodConsideringTimeout(MethodInvocationHelper.java:62)
	at org.testng.internal.ConfigInvoker.invokeConfigurationMethod(ConfigInvoker.java:385)
	at org.testng.internal.ConfigInvoker.invokeConfigurations(ConfigInvoker.java:321)
	at org.testng.internal.TestInvoker.runConfigMethods(TestInvoker.java:700)
	at org.testng.internal.TestInvoker.runAfterGroupsConfigurations(TestInvoker.java:676)
	at org.testng.internal.TestInvoker.invokeMethod(TestInvoker.java:660)
	at org.testng.internal.TestInvoker.invokeTestMethod(TestInvoker.java:173)
	at org.testng.internal.MethodRunner.runInSequence(MethodRunner.java:46)
	at org.testng.internal.TestInvoker$MethodInvocationAgent.invoke(TestInvoker.java:824)
	at org.testng.internal.TestInvoker.invokeTestMethods(TestInvoker.java:146)
	at org.testng.internal.TestMethodWorker.invokeTestMethods(TestMethodWorker.java:146)
	at org.testng.internal.TestMethodWorker.run(TestMethodWorker.java:128)
	at java.base/java.util.ArrayList.forEach(ArrayList.java:1511)
	at org.testng.TestRunner.privateRun(TestRunner.java:794)
	at org.testng.TestRunner.run(TestRunner.java:596)
	at org.testng.SuiteRunner.runTest(SuiteRunner.java:377)
	at org.testng.SuiteRunner.runSequentially(SuiteRunner.java:371)
	at org.testng.SuiteRunner.privateRun(SuiteRunner.java:332)
	at org.testng.SuiteRunner.run(SuiteRunner.java:276)
	at org.testng.SuiteRunnerWorker.runSuite(SuiteRunnerWorker.java:53)
	at org.testng.SuiteRunnerWorker.run(SuiteRunnerWorker.java:96)
	at org.testng.TestNG.runSuitesSequentially(TestNG.java:1212)
	at org.testng.TestNG.runSuitesLocally(TestNG.java:1134)
	at org.testng.TestNG.runSuites(TestNG.java:1063)
	at org.testng.TestNG.run(TestNG.java:1031)
	at org.testng.remote.AbstractRemoteTestNG.run(AbstractRemoteTestNG.java:115)
	at org.testng.remote.RemoteTestNG.initAndRun(RemoteTestNG.java:251)
	at org.testng.remote.RemoteTestNG.main(RemoteTestNG.java:77)
</pre></div></td>
<td>15</td>
<td>POM.TC_DWS_001@62150f9e</td></tr>
</table><p>
<table width='100%' border='1' class='invocation-skipped'>
<tr><td colspan='4' align='center'><b>SKIPPED CONFIGURATIONS</b></td></tr>
<tr><td><b>Test method</b></td>
<td width="30%"><b>Exception</b></td>
<td width="10%"><b>Time (seconds)</b></td>
<td><b>Instance</b></td>
</tr>
<tr>
<td title='POM.TC_DWS_001.toclose()'><b>toclose</b><br>Test class: POM.TC_DWS_001</td>
<td></td>
<td>-1724129963</td>
<td>POM.TC_DWS_001@62150f9e</td></tr>
</table><p>
<table width='100%' border='1' class='invocation-failed'>
<tr><td colspan='4' align='center'><b>FAILED TESTS</b></td></tr>
<tr><td><b>Test method</b></td>
<td width="30%"><b>Exception</b></td>
<td width="10%"><b>Time (seconds)</b></td>
<td><b>Instance</b></td>
</tr>
<tr>
<td title='POM.TC_DWS_006.toAccessoriesPage()'><b>toAccessoriesPage</b><br>Test class: POM.TC_DWS_006<br/>
<a href="#Output-132461369" onClick='toggleBox("Output-132461369", this, "Show output", "Hide output");'>Show output</a>

<a href="#Output-132461369" onClick="toggleAllBoxes();">Show all outputs</a>
<div class='log' id="Output-132461369">
successfully<br/>
</div>
</td>
<td><div><pre>org.openqa.selenium.ElementNotInteractableException: element not interactable
  (Session info: chrome=127.0.6533.120)
Build info: version: &apos;4.12.1&apos;, revision: &apos;8e34639b11&apos;
System info: os.name: &apos;Windows 10&apos;, os.arch: &apos;amd64&apos;, os.version: &apos;10.0&apos;, java.version: &apos;17.0.9&apos;
Driver info: org.openqa.selenium.chrome.ChromeDriver
Command: [26d2697676f14d054ac8eabd7df8e7bd, clickElement {id=f.EA8191FA8C47A9FCBB3A2B0C43A6EDBC.d.9F49C0210A0244242F02C386B7DFBBA7.e.252}]
Capabilities {acceptInsecureCerts: false, browserName: chrome, browserVersion: 127.0.6533.120, chrome: {chromedriverVersion: 127.0.6533.119 (bdef6783a05..., userDataDir: C:\Users\Karan\AppData\Loca...}, fedcm:accounts: true, goog:chromeOptions: {debuggerAddress: localhost:51517}, networkConnectionEnabled: false, pageLoadStrategy: normal, platformName: windows, proxy: Proxy(), se:cdp: ws://localhost:51517/devtoo..., se:cdpVersion: 127.0.6533.120, setWindowRect: true, strictFileInteractability: false, timeouts: {implicit: 0, pageLoad: 300000, script: 30000}, unhandledPromptBehavior: dismiss and notify, webauthn:extension:credBlob: true, webauthn:extension:largeBlob: true, webauthn:extension:minPinLength: true, webauthn:extension:prf: true, webauthn:virtualAuthenticators: true}
Element: [[ChromeDriver: chrome on windows (26d2697676f14d054ac8eabd7df8e7bd)] -&gt; xpath: (//span[text()=&apos;100.00&apos;])[1]]
Session ID: 26d2697676f14d054ac8eabd7df8e7bd
	at org.openqa.selenium.remote.codec.w3c.W3CHttpResponseCodec.createException(W3CHttpResponseCodec.java:200)
	at org.openqa.selenium.remote.codec.w3c.W3CHttpResponseCodec.decode(W3CHttpResponseCodec.java:133)
	at org.openqa.selenium.remote.codec.w3c.W3CHttpResponseCodec.decode(W3CHttpResponseCodec.java:52)
	at org.openqa.selenium.remote.HttpCommandExecutor.execute(HttpCommandExecutor.java:191)
	at org.openqa.selenium.remote.service.DriverCommandExecutor.invokeExecute(DriverCommandExecutor.java:196)
	at org.openqa.selenium.remote.service.DriverCommandExecutor.execute(DriverCommandExecutor.java:171)
	at org.openqa.selenium.remote.RemoteWebDriver.execute(RemoteWebDriver.java:602)
	at org.openqa.selenium.remote.RemoteWebElement.execute(RemoteWebElement.java:224)
	at org.openqa.selenium.remote.RemoteWebElement.click(RemoteWebElement.java:77)
	at org.openqa.selenium.support.pagefactory.internal.LocatingElementHandler.invoke(LocatingElementHandler.java:51)
	at jdk.proxy2/jdk.proxy2.$Proxy19.click(Unknown Source)
	at POM.TC_DWS_006.toAccessoriesPage(TC_DWS_006.java:42)
	at java.base/java.util.ArrayList.forEach(ArrayList.java:1511)
... Removed 36 stack frames</pre></div><a href='#' onClick='toggleBox("stack-trace132461369", this, "Click to show all stack frames", "Click to hide stack frames")'>Click to show all stack frames</a>
<div class='stack-trace' id='stack-trace132461369'><pre>org.openqa.selenium.ElementNotInteractableException: element not interactable
  (Session info: chrome=127.0.6533.120)
Build info: version: &apos;4.12.1&apos;, revision: &apos;8e34639b11&apos;
System info: os.name: &apos;Windows 10&apos;, os.arch: &apos;amd64&apos;, os.version: &apos;10.0&apos;, java.version: &apos;17.0.9&apos;
Driver info: org.openqa.selenium.chrome.ChromeDriver
Command: [26d2697676f14d054ac8eabd7df8e7bd, clickElement {id=f.EA8191FA8C47A9FCBB3A2B0C43A6EDBC.d.9F49C0210A0244242F02C386B7DFBBA7.e.252}]
Capabilities {acceptInsecureCerts: false, browserName: chrome, browserVersion: 127.0.6533.120, chrome: {chromedriverVersion: 127.0.6533.119 (bdef6783a05..., userDataDir: C:\Users\Karan\AppData\Loca...}, fedcm:accounts: true, goog:chromeOptions: {debuggerAddress: localhost:51517}, networkConnectionEnabled: false, pageLoadStrategy: normal, platformName: windows, proxy: Proxy(), se:cdp: ws://localhost:51517/devtoo..., se:cdpVersion: 127.0.6533.120, setWindowRect: true, strictFileInteractability: false, timeouts: {implicit: 0, pageLoad: 300000, script: 30000}, unhandledPromptBehavior: dismiss and notify, webauthn:extension:credBlob: true, webauthn:extension:largeBlob: true, webauthn:extension:minPinLength: true, webauthn:extension:prf: true, webauthn:virtualAuthenticators: true}
Element: [[ChromeDriver: chrome on windows (26d2697676f14d054ac8eabd7df8e7bd)] -&gt; xpath: (//span[text()=&apos;100.00&apos;])[1]]
Session ID: 26d2697676f14d054ac8eabd7df8e7bd
	at java.base/jdk.internal.reflect.NativeConstructorAccessorImpl.newInstance0(Native Method)
	at java.base/jdk.internal.reflect.NativeConstructorAccessorImpl.newInstance(NativeConstructorAccessorImpl.java:77)
	at java.base/jdk.internal.reflect.DelegatingConstructorAccessorImpl.newInstance(DelegatingConstructorAccessorImpl.java:45)
	at java.base/java.lang.reflect.Constructor.newInstanceWithCaller(Constructor.java:499)
	at java.base/java.lang.reflect.Constructor.newInstance(Constructor.java:480)
	at org.openqa.selenium.remote.codec.w3c.W3CHttpResponseCodec.createException(W3CHttpResponseCodec.java:200)
	at org.openqa.selenium.remote.codec.w3c.W3CHttpResponseCodec.decode(W3CHttpResponseCodec.java:133)
	at org.openqa.selenium.remote.codec.w3c.W3CHttpResponseCodec.decode(W3CHttpResponseCodec.java:52)
	at org.openqa.selenium.remote.HttpCommandExecutor.execute(HttpCommandExecutor.java:191)
	at org.openqa.selenium.remote.service.DriverCommandExecutor.invokeExecute(DriverCommandExecutor.java:196)
	at org.openqa.selenium.remote.service.DriverCommandExecutor.execute(DriverCommandExecutor.java:171)
	at org.openqa.selenium.remote.RemoteWebDriver.execute(RemoteWebDriver.java:602)
	at org.openqa.selenium.remote.RemoteWebElement.execute(RemoteWebElement.java:224)
	at org.openqa.selenium.remote.RemoteWebElement.click(RemoteWebElement.java:77)
	at java.base/jdk.internal.reflect.NativeMethodAccessorImpl.invoke0(Native Method)
	at java.base/jdk.internal.reflect.NativeMethodAccessorImpl.invoke(NativeMethodAccessorImpl.java:77)
	at java.base/jdk.internal.reflect.DelegatingMethodAccessorImpl.invoke(DelegatingMethodAccessorImpl.java:43)
	at java.base/java.lang.reflect.Method.invoke(Method.java:568)
	at org.openqa.selenium.support.pagefactory.internal.LocatingElementHandler.invoke(LocatingElementHandler.java:51)
	at jdk.proxy2/jdk.proxy2.$Proxy19.click(Unknown Source)
	at POM.TC_DWS_006.toAccessoriesPage(TC_DWS_006.java:42)
	at java.base/jdk.internal.reflect.NativeMethodAccessorImpl.invoke0(Native Method)
	at java.base/jdk.internal.reflect.NativeMethodAccessorImpl.invoke(NativeMethodAccessorImpl.java:77)
	at java.base/jdk.internal.reflect.DelegatingMethodAccessorImpl.invoke(DelegatingMethodAccessorImpl.java:43)
	at java.base/java.lang.reflect.Method.invoke(Method.java:568)
	at org.testng.internal.MethodInvocationHelper.invokeMethod(MethodInvocationHelper.java:133)
	at org.testng.internal.TestInvoker.invokeMethod(TestInvoker.java:598)
	at org.testng.internal.TestInvoker.invokeTestMethod(TestInvoker.java:173)
	at org.testng.internal.MethodRunner.runInSequence(MethodRunner.java:46)
	at org.testng.internal.TestInvoker$MethodInvocationAgent.invoke(TestInvoker.java:824)
	at org.testng.internal.TestInvoker.invokeTestMethods(TestInvoker.java:146)
	at org.testng.internal.TestMethodWorker.invokeTestMethods(TestMethodWorker.java:146)
	at org.testng.internal.TestMethodWorker.run(TestMethodWorker.java:128)
	at java.base/java.util.ArrayList.forEach(ArrayList.java:1511)
	at org.testng.TestRunner.privateRun(TestRunner.java:794)
	at org.testng.TestRunner.run(TestRunner.java:596)
	at org.testng.SuiteRunner.runTest(SuiteRunner.java:377)
	at org.testng.SuiteRunner.runSequentially(SuiteRunner.java:371)
	at org.testng.SuiteRunner.privateRun(SuiteRunner.java:332)
	at org.testng.SuiteRunner.run(SuiteRunner.java:276)
	at org.testng.SuiteRunnerWorker.runSuite(SuiteRunnerWorker.java:53)
	at org.testng.SuiteRunnerWorker.run(SuiteRunnerWorker.java:96)
	at org.testng.TestNG.runSuitesSequentially(TestNG.java:1212)
	at org.testng.TestNG.runSuitesLocally(TestNG.java:1134)
	at org.testng.TestNG.runSuites(TestNG.java:1063)
	at org.testng.TestNG.run(TestNG.java:1031)
	at org.testng.remote.AbstractRemoteTestNG.run(AbstractRemoteTestNG.java:115)
	at org.testng.remote.RemoteTestNG.initAndRun(RemoteTestNG.java:251)
	at org.testng.remote.RemoteTestNG.main(RemoteTestNG.java:77)
</pre></div></td>
<td>18</td>
<td>POM.TC_DWS_006@123ef382</td></tr>
</table><p>
<table width='100%' border='1' class='invocation-passed'>
<tr><td colspan='4' align='center'><b>PASSED TESTS</b></td></tr>
<tr><td><b>Test method</b></td>
<td width="30%"><b>Exception</b></td>
<td width="10%"><b>Time (seconds)</b></td>
<td><b>Instance</b></td>
</tr>
<tr>
<td title='POM.TC_DWS_011.toJewelryPage()'><b>toJewelryPage</b><br>Test class: POM.TC_DWS_011<br/>
<a href="#Output-1155380504" onClick='toggleBox("Output-1155380504", this, "Show output", "Hide output");'>Show output</a>

<a href="#Output-1155380504" onClick="toggleAllBoxes();">Show all outputs</a>
<div class='log' id="Output-1155380504">
Successfilly Open JewelryPage<br/>
Product Successfully AddToCart<br/>
</div>
</td>
<td></td>
<td>9</td>
<td>POM.TC_DWS_011@7fa98a66</td></tr>
<tr>
<td title='POM.TC_DWS_007.tocamerapage()'><b>tocamerapage</b><br>Test class: POM.TC_DWS_007<br/>
<a href="#Output-378327915" onClick='toggleBox("Output-378327915", this, "Show output", "Hide output");'>Show output</a>

<a href="#Output-378327915" onClick="toggleAllBoxes();">Show all outputs</a>
<div class='log' id="Output-378327915">
CameraPage Open<br/>
Successfull Add to compare list<br/>
</div>
</td>
<td></td>
<td>8</td>
<td>POM.TC_DWS_007@f5ac9e4</td></tr>
<tr>
<td title='POM.TC_DWS_016.toSearchButton()'><b>toSearchButton</b><br>Test class: POM.TC_DWS_016<br/>
<a href="#Output-1430104337" onClick='toggleBox("Output-1430104337", this, "Show output", "Hide output");'>Show output</a>

<a href="#Output-1430104337" onClick="toggleAllBoxes();">Show all outputs</a>
<div class='log' id="Output-1430104337">
Successfully Search The Product<br/>
</div>
</td>
<td></td>
<td>1</td>
<td>POM.TC_DWS_016@61862a7f</td></tr>
<tr>
<td title='POM.TC_DWS_014.toWishlist()'><b>toWishlist</b><br>Test class: POM.TC_DWS_014<br/>
<a href="#Output-79486225" onClick='toggleBox("Output-79486225", this, "Show output", "Hide output");'>Show output</a>

<a href="#Output-79486225" onClick="toggleAllBoxes();">Show all outputs</a>
<div class='log' id="Output-79486225">
Successfully Display Wishlist Page<br/>
</div>
</td>
<td></td>
<td>0</td>
<td>POM.TC_DWS_014@14dd9eb7</td></tr>
<tr>
<td title='POM.TC_DWS_002.toLoginButton()'><b>toLoginButton</b><br>Test class: POM.TC_DWS_002</td>
<td></td>
<td>2</td>
<td>POM.TC_DWS_002@52e6fdee</td></tr>
<tr>
<td title='POM.TC_DWS_012.toGiftCard()'><b>toGiftCard</b><br>Test class: POM.TC_DWS_012<br/>
<a href="#Output-1967467242" onClick='toggleBox("Output-1967467242", this, "Show output", "Hide output");'>Show output</a>

<a href="#Output-1967467242" onClick="toggleAllBoxes();">Show all outputs</a>
<div class='log' id="Output-1967467242">
Successsfuly Open GiftPage<br/>
Product Successfully AddToCart<br/>
</div>
</td>
<td></td>
<td>2</td>
<td>POM.TC_DWS_012@1a451d4d</td></tr>
<tr>
<td title='POM.TC_DWS_005.toNoteBookPage()'><b>toNoteBookPage</b><br>Test class: POM.TC_DWS_005</td>
<td></td>
<td>6</td>
<td>POM.TC_DWS_005@384ad17b</td></tr>
<tr>
<td title='POM.TC_DWS_003.toBookPage()'><b>toBookPage</b><br>Test class: POM.TC_DWS_003</td>
<td></td>
<td>7</td>
<td>POM.TC_DWS_003@42e99e4a</td></tr>
<tr>
<td title='POM.TC_DWS_013.toShoppingcart()'><b>toShoppingcart</b><br>Test class: POM.TC_DWS_013<br/>
<a href="#Output-277549599" onClick='toggleBox("Output-277549599", this, "Show output", "Hide output");'>Show output</a>

<a href="#Output-277549599" onClick="toggleAllBoxes();">Show all outputs</a>
<div class='log' id="Output-277549599">
Successfully Display Shoping Page<br/>
</div>
</td>
<td></td>
<td>1</td>
<td>POM.TC_DWS_013@6c80d78a</td></tr>
<tr>
<td title='POM.TC_DWS_004.toDisplayPage()'><b>toDisplayPage</b><br>Test class: POM.TC_DWS_004</td>
<td></td>
<td>8</td>
<td>POM.TC_DWS_004@1d9b7cce</td></tr>
<tr>
<td title='POM.TC_DWS_008.toCellPhonePage()'><b>toCellPhonePage</b><br>Test class: POM.TC_DWS_008<br/>
<a href="#Output-1053695609" onClick='toggleBox("Output-1053695609", this, "Show output", "Hide output");'>Show output</a>

<a href="#Output-1053695609" onClick="toggleAllBoxes();">Show all outputs</a>
<div class='log' id="Output-1053695609">
Successful open CellPhone Page<br/>
Successfully Add to Cart<br/>
</div>
</td>
<td></td>
<td>3</td>
<td>POM.TC_DWS_008@59fd97a8</td></tr>
<tr>
<td title='POM.TC_DWS_017.toTricentis()'><b>toTricentis</b><br>Test class: POM.TC_DWS_017<br/>
<a href="#Output-917131986" onClick='toggleBox("Output-917131986", this, "Show output", "Hide output");'>Show output</a>

<a href="#Output-917131986" onClick="toggleAllBoxes();">Show all outputs</a>
<div class='log' id="Output-917131986">
Successfully Tricentis Page Opened<br/>
</div>
</td>
<td></td>
<td>0</td>
<td>POM.TC_DWS_017@dbf57b3</td></tr>
<tr>
<td title='POM.TC_DWS_009.toApparelAndShoes()'><b>toApparelAndShoes</b><br>Test class: POM.TC_DWS_009<br/>
<a href="#Output-1199833406" onClick='toggleBox("Output-1199833406", this, "Show output", "Hide output");'>Show output</a>

<a href="#Output-1199833406" onClick="toggleAllBoxes();">Show all outputs</a>
<div class='log' id="Output-1199833406">
Successfully Open ApparelAndShoesPage<br/>
Product Successfull AddToCart<br/>
</div>
</td>
<td></td>
<td>3</td>
<td>POM.TC_DWS_009@1ab3a8c8</td></tr>
<tr>
<td title='POM.TC_DWS_001.toRegisterLink()'><b>toRegisterLink</b><br>Test class: POM.TC_DWS_001</td>
<td></td>
<td>2</td>
<td>POM.TC_DWS_001@62150f9e</td></tr>
<tr>
<td title='POM.TC_DWS_015.toSearchBer()'><b>toSearchBer</b><br>Test class: POM.TC_DWS_015<br/>
<a href="#Output-190496961" onClick='toggleBox("Output-190496961", this, "Show output", "Hide output");'>Show output</a>

<a href="#Output-190496961" onClick="toggleAllBoxes();">Show all outputs</a>
<div class='log' id="Output-190496961">
Fail Pass The Data In Search TextField<br/>
</div>
</td>
<td></td>
<td>0</td>
<td>POM.TC_DWS_015@4d9e68d0</td></tr>
<tr>
<td title='POM.TC_DWS_010.toDigitalPage()'><b>toDigitalPage</b><br>Test class: POM.TC_DWS_010<br/>
<a href="#Output-481577519" onClick='toggleBox("Output-481577519", this, "Show output", "Hide output");'>Show output</a>

<a href="#Output-481577519" onClick="toggleAllBoxes();">Show all outputs</a>
<div class='log' id="Output-481577519">
Successfully open DigitalPage<br/>
Product Successfully AddToCart<br/>
</div>
</td>
<td></td>
<td>3</td>
<td>POM.TC_DWS_010@15ff3e9e</td></tr>
</table><p>
</body>
</html>